<?xml version="1.0" encoding="UTF-8" ?>
<testsuite tests="24" failures="0" name="hr.fer.oprpp1.hw02.prob1.Prob1Test" time="0.027" errors="0" skipped="0">
  <properties>
    <property name="java.runtime.name" value="Java(TM) SE Runtime Environment"/>
    <property name="java.vm.version" value="18.0.2+9-61"/>
    <property name="sun.boot.library.path" value="C:\Program Files\Java\jdk-18.0.2\bin"/>
    <property name="maven.multiModuleProjectDirectory" value="C:\Users\anace\Desktop\ANA\FER\JAVA\ZADAĆE\HW02"/>
    <property name="java.vm.vendor" value="Oracle Corporation"/>
    <property name="java.vendor.url" value="https://java.oracle.com/"/>
    <property name="guice.disable.misplaced.annotation.check" value="true"/>
    <property name="path.separator" value=";"/>
    <property name="java.vm.name" value="Java HotSpot(TM) 64-Bit Server VM"/>
    <property name="sun.os.patch.level" value=""/>
    <property name="user.script" value=""/>
    <property name="user.country" value="HR"/>
    <property name="sun.java.launcher" value="SUN_STANDARD"/>
    <property name="java.vm.specification.name" value="Java Virtual Machine Specification"/>
    <property name="user.dir" value="C:\Users\anace\Desktop\ANA\FER\JAVA\ZADAĆE\HW02"/>
    <property name="java.vm.compressedOopsMode" value="Zero based"/>
    <property name="java.runtime.version" value="18.0.2+9-61"/>
    <property name="os.arch" value="amd64"/>
    <property name="java.io.tmpdir" value="C:\Users\anace\AppData\Local\Temp\"/>
    <property name="line.separator" value="
"/>
    <property name="java.vm.specification.vendor" value="Oracle Corporation"/>
    <property name="user.variant" value=""/>
    <property name="os.name" value="Windows 11"/>
    <property name="classworlds.conf" value="C:\Program Files\Apache Software Foundation\apache-maven-3.8.6\apache-maven-3.8.6\bin\m2.conf"/>
    <property name="sun.jnu.encoding" value="Cp1250"/>
    <property name="java.library.path" value="C:\Program Files\Java\jdk-18.0.2\bin;C:\WINDOWS\Sun\Java\bin;C:\WINDOWS\system32;C:\WINDOWS;C:\Program Files\Common Files\Oracle\Java\javapath;C:\WINDOWS\system32;C:\WINDOWS;C:\WINDOWS\System32\Wbem;C:\WINDOWS\System32\WindowsPowerShell\v1.0\;C:\WINDOWS\System32\OpenSSH\;C:\Program Files\nodejs\;C:\Program Files\Dart\dart-sdk\bin;%M2_HOME%\bin;%PATH%C:\Users\anace\AppData\Local\Programs\Python\Python310\Scripts;C:\Program FIles\Git\bin\;C:\Program Files\Git\cmd\;C:\Users\anace\AppData\Local\Programs\Python\Python310\Scripts\;C:\Users\anace\AppData\Local\Programs\Python\Python310\;C:\Users\anace\AppData\Local\Microsoft\WindowsApps;C:\Users\anace\AppData\Local\Programs\Microsoft VS Code\bin;C:\Users\anace\AppData\Roaming\npm;C:\Program Files\Apache Software Foundation\apache-maven-3.8.6\apache-maven-3.8.6\bin;C:\Program Files\Java\jdk-18.0.2\bin;;."/>
    <property name="maven.conf" value="C:\Program Files\Apache Software Foundation\apache-maven-3.8.6\apache-maven-3.8.6/conf"/>
    <property name="jdk.debug" value="release"/>
    <property name="java.class.version" value="62.0"/>
    <property name="java.specification.name" value="Java Platform API Specification"/>
    <property name="sun.management.compiler" value="HotSpot 64-Bit Tiered Compilers"/>
    <property name="os.version" value="10.0"/>
    <property name="library.jansi.path" value="C:\Program Files\Apache Software Foundation\apache-maven-3.8.6\apache-maven-3.8.6\lib\jansi-native"/>
    <property name="user.home" value="C:\Users\anace"/>
    <property name="user.timezone" value="Europe/Zagreb"/>
    <property name="file.encoding" value="UTF-8"/>
    <property name="java.specification.version" value="18"/>
    <property name="user.name" value="anace"/>
    <property name="java.class.path" value="C:\Program Files\Apache Software Foundation\apache-maven-3.8.6\apache-maven-3.8.6\boot\plexus-classworlds-2.6.0.jar"/>
    <property name="java.vm.specification.version" value="18"/>
    <property name="sun.arch.data.model" value="64"/>
    <property name="sun.java.command" value="org.codehaus.plexus.classworlds.launcher.Launcher package"/>
    <property name="java.home" value="C:\Program Files\Java\jdk-18.0.2"/>
    <property name="user.language" value="hr"/>
    <property name="java.specification.vendor" value="Oracle Corporation"/>
    <property name="java.vm.info" value="mixed mode, sharing"/>
    <property name="java.version" value="18.0.2"/>
    <property name="native.encoding" value="Cp1250"/>
    <property name="java.vendor" value="Oracle Corporation"/>
    <property name="sun.stderr.encoding" value="cp852"/>
    <property name="maven.home" value="C:\Program Files\Apache Software Foundation\apache-maven-3.8.6\apache-maven-3.8.6"/>
    <property name="file.separator" value="\"/>
    <property name="java.version.date" value="2022-07-19"/>
    <property name="java.vendor.url.bug" value="https://bugreport.java.com/bugreport/"/>
    <property name="sun.io.unicode.encoding" value="UnicodeLittle"/>
    <property name="sun.cpu.endian" value="little"/>
    <property name="sun.stdout.encoding" value="cp852"/>
    <property name="sun.cpu.isalist" value="amd64"/>
  </properties>
  <testcase classname="hr.fer.oprpp1.hw02.prob1.Prob1Test" name="hr.fer.oprpp1.hw02.prob1.Prob1Test.testRadAfterEOFInExtended" time="0.007"/>
  <testcase classname="hr.fer.oprpp1.hw02.prob1.Prob1Test" name="hr.fer.oprpp1.hw02.prob1.Prob1Test.testGetReturnsLastNextInExtended" time="0"/>
  <testcase classname="hr.fer.oprpp1.hw02.prob1.Prob1Test" name="hr.fer.oprpp1.hw02.prob1.Prob1Test.testWordWithManyEscapesAndNumbers" time="0.004"/>
  <testcase classname="hr.fer.oprpp1.hw02.prob1.Prob1Test" name="hr.fer.oprpp1.hw02.prob1.Prob1Test.testNoActualContent" time="0"/>
  <testcase classname="hr.fer.oprpp1.hw02.prob1.Prob1Test" name="hr.fer.oprpp1.hw02.prob1.Prob1Test.testGetReturnsLastNext" time="0"/>
  <testcase classname="hr.fer.oprpp1.hw02.prob1.Prob1Test" name="hr.fer.oprpp1.hw02.prob1.Prob1Test.testWordWithManyEscapes" time="0.001"/>
  <testcase classname="hr.fer.oprpp1.hw02.prob1.Prob1Test" name="hr.fer.oprpp1.hw02.prob1.Prob1Test.testNotNullInExtended" time="0"/>
  <testcase classname="hr.fer.oprpp1.hw02.prob1.Prob1Test" name="hr.fer.oprpp1.hw02.prob1.Prob1Test.testNoActualContentInExtended" time="0"/>
  <testcase classname="hr.fer.oprpp1.hw02.prob1.Prob1Test" name="hr.fer.oprpp1.hw02.prob1.Prob1Test.testInvalidEscapeEnding" time="0"/>
  <testcase classname="hr.fer.oprpp1.hw02.prob1.Prob1Test" name="hr.fer.oprpp1.hw02.prob1.Prob1Test.testWordStartingWithEscape" time="0"/>
  <testcase classname="hr.fer.oprpp1.hw02.prob1.Prob1Test" name="hr.fer.oprpp1.hw02.prob1.Prob1Test.testSingleEscapedDigit" time="0.001"/>
  <testcase classname="hr.fer.oprpp1.hw02.prob1.Prob1Test" name="hr.fer.oprpp1.hw02.prob1.Prob1Test.testEmptyInExtended" time="0"/>
  <testcase classname="hr.fer.oprpp1.hw02.prob1.Prob1Test" name="hr.fer.oprpp1.hw02.prob1.Prob1Test.testNullInput" time="0"/>
  <testcase classname="hr.fer.oprpp1.hw02.prob1.Prob1Test" name="hr.fer.oprpp1.hw02.prob1.Prob1Test.testEmpty" time="0"/>
  <testcase classname="hr.fer.oprpp1.hw02.prob1.Prob1Test" name="hr.fer.oprpp1.hw02.prob1.Prob1Test.testNotNull" time="0"/>
  <testcase classname="hr.fer.oprpp1.hw02.prob1.Prob1Test" name="hr.fer.oprpp1.hw02.prob1.Prob1Test.testTwoNumbers" time="0.001"/>
  <testcase classname="hr.fer.oprpp1.hw02.prob1.Prob1Test" name="hr.fer.oprpp1.hw02.prob1.Prob1Test.testTooBigNumber" time="0"/>
  <testcase classname="hr.fer.oprpp1.hw02.prob1.Prob1Test" name="hr.fer.oprpp1.hw02.prob1.Prob1Test.testRadAfterEOF" time="0"/>
  <testcase classname="hr.fer.oprpp1.hw02.prob1.Prob1Test" name="hr.fer.oprpp1.hw02.prob1.Prob1Test.testInvalidEscape" time="0"/>
  <testcase classname="hr.fer.oprpp1.hw02.prob1.Prob1Test" name="hr.fer.oprpp1.hw02.prob1.Prob1Test.testTwoWords" time="0.002"/>
  <testcase classname="hr.fer.oprpp1.hw02.prob1.Prob1Test" name="hr.fer.oprpp1.hw02.prob1.Prob1Test.testMultipartInput" time="0.003"/>
  <testcase classname="hr.fer.oprpp1.hw02.prob1.Prob1Test" name="hr.fer.oprpp1.hw02.prob1.Prob1Test.testSomeSymbols" time="0.005"/>
  <testcase classname="hr.fer.oprpp1.hw02.prob1.Prob1Test" name="hr.fer.oprpp1.hw02.prob1.Prob1Test.testCombinedInput" time="0.003"/>
  <testcase classname="hr.fer.oprpp1.hw02.prob1.Prob1Test" name="hr.fer.oprpp1.hw02.prob1.Prob1Test.testNullState" time="0"/>
</testsuite>